<?xml version="1.0" encoding="UTF-8"?>
<!-- Generated by org.testng.reporters.JUnitXMLReporter -->
<testsuite hostname="DESKTOP-B2E274S" ignored="0" name="Default test" tests="2" failures="0" timestamp="2020-11-01T13:51:19 GMT+05:30" time="2.849" errors="0">
  <testcase name="getAllVideoGameDetails" time="2.286" classname="test_VideoGameDB.VideoGameAPITesting"/>
  <testcase name="postNewVideoGameDetails" time="0.474" classname="test_VideoGameDB.VideoGameAPITesting"/>
</testsuite> <!-- Default test -->
