<?xml version="1.0" encoding="UTF-8"?>
<testng-results skipped="0" failed="0" ignored="0" total="1" passed="1">
  <reporter-output>
  </reporter-output>
  <suite name="Default suite" duration-ms="3207" started-at="2020-10-31T22:45:12 GMT+05:30" finished-at="2020-10-31T22:45:15 GMT+05:30">
    <groups>
    </groups>
    <test name="Default test" duration-ms="3207" started-at="2020-10-31T22:45:12 GMT+05:30" finished-at="2020-10-31T22:45:15 GMT+05:30">
      <class name="bookStoreAPI.GetBookDetails">
        <test-method status="PASS" signature="getBookDetails()[pri:0, instance:bookStoreAPI.GetBookDetails@49fc609f]" name="getBookDetails" duration-ms="3120" started-at="2020-10-31T22:45:12 GMT+05:30" finished-at="2020-10-31T22:45:15 GMT+05:30">
          <reporter-output>
          </reporter-output>
        </test-method> <!-- getBookDetails -->
      </class> <!-- bookStoreAPI.GetBookDetails -->
    </test> <!-- Default test -->
  </suite> <!-- Default suite -->
</testng-results>
