<?xml version="1.0" encoding="UTF-8"?>
<testng-results skipped="0" failed="0" ignored="0" total="2" passed="2">
  <reporter-output>
  </reporter-output>
  <suite name="Default suite" duration-ms="2849" started-at="2020-11-01T13:51:16 GMT+05:30" finished-at="2020-11-01T13:51:19 GMT+05:30">
    <groups>
    </groups>
    <test name="Default test" duration-ms="2849" started-at="2020-11-01T13:51:16 GMT+05:30" finished-at="2020-11-01T13:51:19 GMT+05:30">
      <class name="test_VideoGameDB.VideoGameAPITesting">
        <test-method status="PASS" signature="getAllVideoGameDetails()[pri:1, instance:test_VideoGameDB.VideoGameAPITesting@49fc609f]" name="getAllVideoGameDetails" duration-ms="2286" started-at="2020-11-01T13:51:16 GMT+05:30" finished-at="2020-11-01T13:51:19 GMT+05:30">
          <reporter-output>
          </reporter-output>
        </test-method> <!-- getAllVideoGameDetails -->
        <test-method status="PASS" signature="postNewVideoGameDetails()[pri:2, instance:test_VideoGameDB.VideoGameAPITesting@49fc609f]" name="postNewVideoGameDetails" duration-ms="474" started-at="2020-11-01T13:51:19 GMT+05:30" finished-at="2020-11-01T13:51:19 GMT+05:30">
          <reporter-output>
          </reporter-output>
        </test-method> <!-- postNewVideoGameDetails -->
      </class> <!-- test_VideoGameDB.VideoGameAPITesting -->
    </test> <!-- Default test -->
  </suite> <!-- Default suite -->
</testng-results>
